2025-12-03 15:50:26,953 INFO api.utils: Cache miss for user:identifier:dhruv_shah
2025-12-03 15:50:26,953 INFO api.routers.auth: Cache MISS: User:dhruv_shah not found in cache
2025-12-03 15:50:27,172 INFO api.utils: Cached user data for user_id: 4
2025-12-03 15:53:33,275 INFO api.utils: Cache miss for user:identifier:dhruv_shah
2025-12-03 15:53:33,275 INFO api.routers.auth: Cache MISS: User:dhruv_shah not found in cache
2025-12-03 15:53:33,498 INFO api.utils: Cached user data for user_id: 4
2025-12-03 15:54:43,633 INFO api.utils: Cache hit for dhruv_shah
2025-12-03 15:54:43,633 INFO api.routers.auth: Cache HIT: User:dhruv_shah found in the cache
2025-12-03 15:56:24,221 INFO api.utils: None
2025-12-03 15:56:24,221 INFO api.utils: Cache miss for user:identifier:dhruv_shah
2025-12-03 15:56:24,221 INFO api.routers.auth: Cache MISS: User:dhruv_shah not found in cache
2025-12-03 15:56:24,441 INFO api.utils: Cached user data for user_id: 4
2025-12-03 16:03:46,189 INFO api.utils: None
2025-12-03 16:03:46,189 INFO api.utils: Cache miss for user:identifier:dhruv_shah
2025-12-03 16:03:46,189 INFO api.routers.auth: Cache MISS: User:dhruv_shah not found in cache
2025-12-03 16:03:46,404 INFO api.utils: Cached user data for user_id: 4
2025-12-03 16:05:25,989 INFO api.utils: None
2025-12-03 16:05:25,989 INFO api.utils: Cache miss for user:identifier:dhruv_shah
2025-12-03 16:05:25,989 INFO api.routers.auth: Cache MISS: User:dhruv_shah not found in cache
2025-12-03 16:05:26,208 INFO api.utils: Cached user data for user_id: 4
2025-12-03 16:07:47,919 INFO api.utils: user:profile:4
2025-12-03 16:07:47,920 INFO api.utils: Cache hit for user:identifier:dhruv_shah
2025-12-03 16:07:47,920 INFO api.routers.auth: Cache HIT: User:dhruv_shah found in the cache
2025-12-03 16:12:19,477 INFO api.utils: user:profile:4
2025-12-03 16:12:19,477 INFO api.utils: Cache hit for user:identifier:dhruv_shah
2025-12-03 16:12:19,477 INFO api.routers.auth: Cache HIT: User:dhruv_shah found in the cache
2025-12-03 16:12:58,717 INFO api.utils: user:profile:4
2025-12-03 16:12:58,717 INFO api.utils: Cache hit for user:identifier:dhruv_shah
2025-12-03 16:12:58,717 INFO api.routers.auth: Cache HIT: User:dhruv_shah found in the cache
2025-12-03 16:18:52,860 INFO api.utils: user:profile:4
2025-12-03 16:18:52,860 INFO api.utils: Cache hit for user:identifier:dhruv_shah
2025-12-03 16:18:52,860 INFO api.routers.auth: Cache HIT: User:dhruv_shah found in the cache
2025-12-03 16:22:12,034 INFO api.utils: None
2025-12-03 16:22:12,034 INFO api.utils: Cache miss for user:identifier:dhruv_shah
2025-12-03 16:22:12,034 INFO api.routers.auth: Cache MISS: User:dhruv_shah not found in cache
2025-12-03 16:22:12,256 INFO api.utils: Cached user data for user_id: 4
2025-12-03 16:22:19,779 INFO api.utils: user:profile:4
2025-12-03 16:22:19,779 INFO api.utils: Cache hit for user:identifier:dhruv_shah
2025-12-03 16:22:19,779 INFO api.routers.auth: Cache HIT: User:dhruv_shah found in the cache
2025-12-03 16:24:20,087 INFO api.utils: None
2025-12-03 16:24:20,088 INFO api.utils: Cache miss for user:identifier:dhruv_shah
2025-12-03 16:24:20,088 INFO api.routers.auth: Cache MISS: User:dhruv_shah not found in cache
2025-12-03 16:24:20,296 INFO api.utils: Cached user data for user_id: 4
2025-12-03 16:24:22,835 INFO api.utils: user:profile:4
2025-12-03 16:24:22,835 INFO api.utils: Cache hit for user:identifier:dhruv_shah
2025-12-03 16:24:22,835 INFO api.routers.auth: Cache HIT: User:dhruv_shah found in the cache
2025-12-03 16:31:14,024 INFO api.utils: user:profile:4
2025-12-03 16:31:14,024 INFO api.utils: Cache hit for user:identifier:dhruv_shah
2025-12-03 16:31:14,024 INFO api.routers.auth: Cache HIT: User:dhruv_shah found in the cache
2025-12-03 16:32:19,485 INFO api.utils: user:profile:4
2025-12-03 16:32:19,485 INFO api.utils: Cache hit for user:identifier:dhruv_shah
2025-12-03 16:32:19,485 INFO api.routers.auth: Cache HIT: User:dhruv_shah found in the cache
2025-12-03 16:33:49,602 INFO api.utils: user:profile:4
2025-12-03 16:33:49,602 INFO api.utils: Cache hit for user:identifier:dhruv_shah
2025-12-03 16:33:49,602 INFO api.routers.auth: Cache HIT: User:dhruv_shah found in the cache
2025-12-03 16:36:50,365 INFO api.utils: Cache hit for user:profile:4
2025-12-03 16:36:50,365 INFO api.routers.user: Cache HIT: User with id:4 found
2025-12-03 16:38:58,332 INFO api.utils: None
2025-12-03 16:38:58,332 INFO api.utils: Cache miss for vivan@gmail.com
2025-12-03 16:38:58,332 INFO api.utils: None
2025-12-03 16:38:58,332 INFO api.utils: Cache miss for vivan_jain
2025-12-03 16:38:58,333 INFO api.routers.user: Cache MISS: No user data found for vivan@gmail.com or vivan_jain
2025-12-03 16:38:58,561 INFO api.routers.user: Caching user data for user_id: 5
2025-12-03 16:38:58,561 INFO api.utils: Cached user data for user_id: 5
2025-12-03 16:39:25,368 INFO api.utils: user:profile:5
2025-12-03 16:39:25,368 INFO api.utils: Cache hit for user:identifier:vivan@gmail.com
2025-12-03 16:39:25,368 INFO api.routers.auth: Cache HIT: User:vivan@gmail.com found in the cache
2025-12-03 23:29:33,170 INFO api.utils: None
2025-12-03 23:29:33,171 INFO api.utils: Cache miss for user:identifier:vivan@gmail.com
2025-12-03 23:29:33,171 INFO api.routers.auth: Cache MISS: User:vivan@gmail.com not found in cache
2025-12-03 23:29:33,399 INFO api.utils: Cached user data for user_id: 5
2025-12-03 23:30:12,648 INFO api.utils: Cache hit for user:profile:5
2025-12-03 23:30:12,648 INFO api.oauth2: Cache HIT: User data found for user_id: 5
2025-12-03 23:32:53,309 INFO api.utils: Cache hit for user:profile:5
2025-12-03 23:32:53,310 INFO api.oauth2: Cache HIT: User data found for user_id: 5
2025-12-03 23:37:12,721 INFO api.utils: Cache hit for user:profile:5
2025-12-03 23:37:12,721 INFO api.oauth2: Cache HIT: User data found for user_id: 5
2025-12-03 23:39:33,825 INFO api.utils: Cache hit for user:profile:5
2025-12-03 23:39:33,825 INFO api.oauth2: Cache HIT: User data found for user_id: 5
2025-12-03 23:44:36,322 INFO api.utils: Cache hit for user:profile:5
2025-12-03 23:44:36,322 INFO api.oauth2: Cache HIT: User data found for user_id: 5
2025-12-03 23:46:02,249 INFO api.utils: Cache hit for user:profile:5
2025-12-03 23:46:02,249 INFO api.oauth2: Cache HIT: User data found for user_id: 5
2025-12-03 23:49:00,705 INFO api.utils: Cache hit for user:profile:5
2025-12-03 23:49:00,705 INFO api.oauth2: Cache HIT: User data found for user_id: 5
2025-12-03 23:51:15,617 INFO api.utils: Cache hit for user:profile:5
2025-12-03 23:51:15,617 INFO api.oauth2: Cache HIT: User data found for user_id: 5
2025-12-03 23:53:03,736 INFO api.utils: Cache MISS for user:profile:api_key:tf_BRL_sEq1WaMQZifmai6z_Qp_9U4sU41SXmyUiJdcZwM
2025-12-03 23:53:59,192 INFO api.utils: Cache MISS for user:profile:api_key:tf_BRL_sEq1WaMQZifmai6z_Qp_9U4sU41SXmyUiJdcZwM
2025-12-03 23:57:49,921 INFO api.utils: Cache HIT for user:profile:api_key:e31d4eca4bb2e522db3bf754738937e02a4efecd6c54eca6804251d5e817d28d
2025-12-03 23:58:20,460 INFO api.utils: Cache HIT for user:profile:api_key:e31d4eca4bb2e522db3bf754738937e02a4efecd6c54eca6804251d5e817d28d
2025-12-03 23:58:21,315 INFO api.utils: Cache HIT for user:profile:api_key:e31d4eca4bb2e522db3bf754738937e02a4efecd6c54eca6804251d5e817d28d
2025-12-04 00:01:15,565 INFO api.utils: Cache HIT for user:profile:api_key:e31d4eca4bb2e522db3bf754738937e02a4efecd6c54eca6804251d5e817d28d
2025-12-04 00:01:15,565 INFO api.oauth2: Cache HIT: The api_key:tf_BRL_sEq1WaMQZifmai6z_Qp_9U4sU41SXmyUiJdcZwM found
2025-12-04 00:07:13,201 INFO api.oauth2: Cache MISS the api_key: e31d4eca4bb2e522db3bf754738937e02a4efecd6c54eca6804251d5e817d28d not found
2025-12-04 00:07:17,188 INFO api.utils: Cache HIT for user:profile:api_key:e31d4eca4bb2e522db3bf754738937e02a4efecd6c54eca6804251d5e817d28d
2025-12-04 00:07:17,189 INFO api.oauth2: Cache HIT: The api_key:tf_BRL_sEq1WaMQZifmai6z_Qp_9U4sU41SXmyUiJdcZwM found
2025-12-04 00:07:23,483 INFO api.utils: Cache HIT for user:profile:api_key:e31d4eca4bb2e522db3bf754738937e02a4efecd6c54eca6804251d5e817d28d
2025-12-04 00:07:23,483 INFO api.oauth2: Cache HIT: The api_key:tf_BRL_sEq1WaMQZifmai6z_Qp_9U4sU41SXmyUiJdcZwM found
2025-12-04 00:07:24,265 INFO api.oauth2: Cache MISS the api_key: e31d4eca4bb2e522db3bf754738937e02a4efecd6c54eca6804251d5e817d28d not found
2025-12-04 00:08:34,200 INFO api.utils: Cache HIT for user:profile:api_key:e31d4eca4bb2e522db3bf754738937e02a4efecd6c54eca6804251d5e817d28d
2025-12-04 00:08:34,200 INFO api.oauth2: Cache HIT: The api_key:e31d4eca4bb2e522db3bf754738937e02a4efecd6c54eca6804251d5e817d28d found
2025-12-04 00:12:44,764 INFO api.utils: None
2025-12-04 00:12:44,764 INFO api.utils: Cache miss for kenny@gmail.com
2025-12-04 00:12:44,765 INFO api.utils: None
2025-12-04 00:12:44,765 INFO api.utils: Cache miss for kenny_shah
2025-12-04 00:12:44,765 INFO api.routers.user: Cache MISS: No user data found for kenny@gmail.com or kenny_shah
2025-12-04 00:12:44,977 INFO api.routers.user: Caching user data for user_id: 6
2025-12-04 00:12:44,978 INFO api.utils: Cached user data for user_id: 6
2025-12-04 00:13:07,176 INFO api.utils: user:profile:6
2025-12-04 00:13:07,176 INFO api.utils: Cache hit for user:identifier:kenny@gmail.com
2025-12-04 00:13:07,176 INFO api.routers.auth: Cache HIT: User:kenny@gmail.com found in the cache
2025-12-04 00:14:04,851 INFO api.utils: Cache HIT for user:profile:api_key:e31d4eca4bb2e522db3bf754738937e02a4efecd6c54eca6804251d5e817d28d
2025-12-04 00:14:04,851 INFO api.oauth2: Cache HIT: The api_key:e31d4eca4bb2e522db3bf754738937e02a4efecd6c54eca6804251d5e817d28d found
2025-12-04 00:14:55,828 INFO api.utils: Cache hit for user:profile:6
2025-12-04 00:14:55,828 INFO api.oauth2: Cache HIT: User data found for user_id: 6
2025-12-04 00:15:20,448 INFO api.utils: Cache HIT for user:profile:api_key:e31d4eca4bb2e522db3bf754738937e02a4efecd6c54eca6804251d5e817d28d
2025-12-04 00:15:20,448 INFO api.oauth2: Cache HIT: The api_key:e31d4eca4bb2e522db3bf754738937e02a4efecd6c54eca6804251d5e817d28d found
